2025-10-15 00:55:13,645 [INFO] 使用设备: cuda:0
2025-10-15 00:55:13,646 [INFO] 日志文件: /home/lhwang/Desktop/CanglongPhysics/code/logs/hindcast_22_23_20251015_005513.log
2025-10-15 00:55:17,925 [INFO] 加载模型...
2025-10-15 00:55:19,113 [INFO] 模型加载成功
2025-10-15 00:55:19,114 [INFO] 加载预处理数据...
2025-10-15 00:55:32,638 [INFO] Surface输入形状: (16, 100, 721, 1440)
2025-10-15 00:55:32,638 [INFO] Upper air输入形状: (7, 4, 100, 721, 1440)
2025-10-15 00:55:32,638 [INFO] 加载气候态数据...
2025-10-15 00:55:33,570 [INFO] 
========== 开始批量回报 2022-2023 年 ==========
2025-10-15 00:55:33,571 [INFO] 起始周: 索引4，日期2022-02-26至2022-03-04
2025-10-15 00:55:33,571 [INFO] 总周数: 96 周
2025-10-15 00:55:33,571 [INFO] 输出目录: /data/lhwang/tmp/hindcast_2022_2023
2025-10-15 00:55:33,571 [INFO] 检测到进度文件: 上次处理到第 6 周 (2022-03-05)
2025-10-15 00:55:33,571 [INFO] 从第 6 周继续...
2025-10-15 00:55:33,571 [INFO] 
初始系统状态:
2025-10-15 00:55:33,572 [INFO]   [系统] 内存: 39.6GB/134.2GB (30.5%)
2025-10-15 00:55:33,572 [INFO]   [系统] Swap: 47.4GB/322.1GB (14.7%)
2025-10-15 00:55:33,573 [INFO]   [GPU] 显存: 已分配 0.7GB, 已保留 0.8GB
2025-10-15 00:55:33,576 [INFO] 
[Week 6/100] 处理 2022-03-12 (Year 2022, Week 11)
2025-10-15 00:55:34,330 [INFO]   提取输入数据: surface (16, 2, 721, 1440), upper air (7, 4, 2, 721, 1440)
2025-10-15 00:55:34,447 [INFO]   开始6周滚动预报...
2025-10-15 00:55:39,973 [INFO]   6周预报完成
2025-10-15 00:55:40,090 [INFO]   反标准化和后处理...
2025-10-15 00:55:44,142 [INFO]     计算PET和简化版SPEI（标准化方法，无拟合）...
2025-10-15 01:00:30,576 [INFO]       使用简化SPEI计算（标准化方法）...
