2025-10-14 23:33:20,983 [INFO] 使用设备: cuda:0
2025-10-14 23:33:20,984 [INFO] 日志文件: /home/lhwang/Desktop/CanglongPhysics/code/logs/hindcast_22_23_20251014_233320.log
2025-10-14 23:33:24,866 [INFO] 加载模型...
2025-10-14 23:33:25,735 [INFO] 模型加载成功
2025-10-14 23:33:25,735 [INFO] 加载预处理数据...
2025-10-14 23:33:45,468 [INFO] Surface输入形状: (16, 100, 721, 1440)
2025-10-14 23:33:45,469 [INFO] Upper air输入形状: (7, 4, 100, 721, 1440)
2025-10-14 23:33:45,469 [INFO] 加载气候态数据...
2025-10-14 23:33:46,455 [INFO] 
========== 开始批量回报 2022-2023 年 ==========
2025-10-14 23:33:46,456 [INFO] 起始周: 索引4，日期2022-02-26至2022-03-04
2025-10-14 23:33:46,456 [INFO] 总周数: 96 周
2025-10-14 23:33:46,456 [INFO] 输出目录: /data/lhwang/tmp/hindcast_2022_2023
2025-10-14 23:33:46,456 [INFO] 
初始系统状态:
2025-10-14 23:33:46,457 [INFO]   [系统] 内存: 39.6GB/134.2GB (30.4%)
2025-10-14 23:33:46,457 [INFO]   [系统] Swap: 47.3GB/322.1GB (14.7%)
2025-10-14 23:33:46,458 [INFO]   [GPU] 显存: 已分配 0.7GB, 已保留 0.8GB
2025-10-14 23:33:46,461 [INFO] 
[Week 4/100] 处理 2022-02-26 (Year 2022, Week 9)
2025-10-14 23:33:46,958 [INFO]   提取输入数据: surface (16, 2, 721, 1440), upper air (7, 4, 2, 721, 1440)
2025-10-14 23:33:47,082 [INFO]   开始6周滚动预报...
2025-10-14 23:33:53,068 [INFO]   6周预报完成
2025-10-14 23:33:53,189 [INFO]   反标准化和后处理...
2025-10-14 23:33:55,556 [INFO]   计算PET和SPEI...
