2025-10-15 00:25:46,084 [INFO] 使用设备: cuda:0
2025-10-15 00:25:46,084 [INFO] 日志文件: /home/lhwang/Desktop/CanglongPhysics/code/logs/hindcast_22_23_20251015_002546.log
2025-10-15 00:25:49,572 [INFO] 加载模型...
2025-10-15 00:25:50,445 [INFO] 模型加载成功
2025-10-15 00:25:50,445 [INFO] 加载预处理数据...
2025-10-15 00:26:19,209 [INFO] Surface输入形状: (16, 100, 721, 1440)
2025-10-15 00:26:19,209 [INFO] Upper air输入形状: (7, 4, 100, 721, 1440)
2025-10-15 00:26:19,209 [INFO] 加载气候态数据...
2025-10-15 00:26:20,165 [INFO] 
========== 开始批量回报 2022-2023 年 ==========
2025-10-15 00:26:20,165 [INFO] 起始周: 索引4，日期2022-02-26至2022-03-04
2025-10-15 00:26:20,165 [INFO] 总周数: 96 周
2025-10-15 00:26:20,165 [INFO] 输出目录: /data/lhwang/tmp/hindcast_2022_2023
2025-10-15 00:26:20,165 [INFO] 
初始系统状态:
2025-10-15 00:26:20,166 [INFO]   [系统] 内存: 73.3GB/134.2GB (55.9%)
2025-10-15 00:26:20,166 [INFO]   [系统] Swap: 47.3GB/322.1GB (14.7%)
2025-10-15 00:26:20,167 [INFO]   [GPU] 显存: 已分配 0.7GB, 已保留 0.8GB
2025-10-15 00:26:20,170 [INFO] 
[Week 4/100] 处理 2022-02-26 (Year 2022, Week 9)
2025-10-15 00:26:22,393 [INFO]   提取输入数据: surface (16, 2, 721, 1440), upper air (7, 4, 2, 721, 1440)
2025-10-15 00:26:22,523 [INFO]   开始6周滚动预报...
2025-10-15 00:26:28,298 [INFO]   6周预报完成
2025-10-15 00:26:28,419 [INFO]   反标准化和后处理...
2025-10-15 00:26:53,763 [INFO]   计算PET和SPEI...
