2025-10-15 00:49:18,865 [INFO] 使用设备: cuda:0
2025-10-15 00:49:18,865 [INFO] 日志文件: /home/lhwang/Desktop/CanglongPhysics/code/logs/hindcast_22_23_20251015_004918.log
2025-10-15 00:49:23,102 [INFO] 加载模型...
2025-10-15 00:49:24,325 [INFO] 模型加载成功
2025-10-15 00:49:24,326 [INFO] 加载预处理数据...
2025-10-15 00:49:48,297 [INFO] Surface输入形状: (16, 100, 721, 1440)
2025-10-15 00:49:48,297 [INFO] Upper air输入形状: (7, 4, 100, 721, 1440)
2025-10-15 00:49:48,297 [INFO] 加载气候态数据...
2025-10-15 00:49:49,198 [INFO] 
========== 开始批量回报 2022-2023 年 ==========
2025-10-15 00:49:49,198 [INFO] 起始周: 索引4，日期2022-02-26至2022-03-04
2025-10-15 00:49:49,198 [INFO] 总周数: 96 周
2025-10-15 00:49:49,198 [INFO] 输出目录: /data/lhwang/tmp/hindcast_2022_2023
2025-10-15 00:49:49,198 [INFO] 
初始系统状态:
2025-10-15 00:49:49,199 [INFO]   [系统] 内存: 39.7GB/134.2GB (30.5%)
2025-10-15 00:49:49,199 [INFO]   [系统] Swap: 47.4GB/322.1GB (14.7%)
2025-10-15 00:49:49,200 [INFO]   [GPU] 显存: 已分配 0.7GB, 已保留 0.8GB
2025-10-15 00:49:49,203 [INFO] 
[Week 4/100] 处理 2022-02-26 (Year 2022, Week 9)
2025-10-15 00:49:50,182 [INFO]   提取输入数据: surface (16, 2, 721, 1440), upper air (7, 4, 2, 721, 1440)
2025-10-15 00:49:50,302 [INFO]   开始6周滚动预报...
2025-10-15 00:49:55,847 [INFO]   6周预报完成
2025-10-15 00:49:55,948 [INFO]   反标准化和后处理...
2025-10-15 00:49:58,335 [INFO]     计算PET（跳过SPEI拟合）...
2025-10-15 00:49:59,346 [INFO]     PET计算完成
2025-10-15 00:49:59,613 [INFO]   保存到: /data/lhwang/tmp/hindcast_2022_2023/hindcast_2022_week09_surface_2022-02-26.nc
2025-10-15 00:49:59,614 [INFO] 
[Week 5/100] 处理 2022-03-05 (Year 2022, Week 10)
2025-10-15 00:49:59,886 [INFO]   提取输入数据: surface (16, 2, 721, 1440), upper air (7, 4, 2, 721, 1440)
2025-10-15 00:49:59,998 [INFO]   开始6周滚动预报...
2025-10-15 00:50:04,681 [INFO]   6周预报完成
2025-10-15 00:50:04,780 [INFO]   反标准化和后处理...
2025-10-15 00:50:16,076 [INFO]     计算PET（跳过SPEI拟合）...
2025-10-15 00:50:24,340 [INFO]     PET计算完成
2025-10-15 00:50:24,539 [INFO]   保存到: /data/lhwang/tmp/hindcast_2022_2023/hindcast_2022_week10_surface_2022-03-05.nc
2025-10-15 00:50:24,548 [INFO] 
[Week 6/100] 处理 2022-03-12 (Year 2022, Week 11)
2025-10-15 00:50:28,559 [INFO]   提取输入数据: surface (16, 2, 721, 1440), upper air (7, 4, 2, 721, 1440)
2025-10-15 00:50:28,678 [INFO]   开始6周滚动预报...
2025-10-15 00:50:33,354 [INFO]   6周预报完成
2025-10-15 00:50:33,442 [INFO]   反标准化和后处理...
